<?xml version="1.0" encoding="UTF-8"?>
<!-- Generated by org.testng.reporters.JUnitReportReporter -->
<testsuite hostname="PDCLT01695T9G3" failures="0" tests="5" name="com.capita.one.housing.tests.playwright.POC.JobManagementPOC_Test" time="271.354" errors="0" timestamp="2024-05-09T12:07:28 IST" skipped="0">
  <testcase classname="com.capita.one.housing.tests.playwright.POC.JobManagementPOC_Test" name="housingLogin" time="0.336"/>
  <system-out/>
  <testcase classname="com.capita.one.housing.tests.playwright.POC.JobManagementPOC_Test" name="housingNavigation" time="10.488"/>
  <system-out/>
  <testcase classname="com.capita.one.housing.tests.playwright.POC.JobManagementPOC_Test" name="createLocation" time="51.671"/>
  <system-out/>
  <testcase classname="com.capita.one.housing.tests.playwright.POC.JobManagementPOC_Test" name="createJob" time="189.335"/>
  <system-out/>
  <testcase classname="com.capita.one.housing.tests.playwright.POC.JobManagementPOC_Test" name="workTicketManagement" time="19.524"/>
  <system-out/>
</testsuite> <!-- com.capita.one.housing.tests.playwright.POC.JobManagementPOC_Test -->
